2026-06-27 11:18:36,029 - INFO: 正在创建模型：PhonePriceModel(
  (linear1): Linear(in_features=20, out_features=128, bias=True)
  (linear2): Linear(in_features=128, out_features=256, bias=True)
  (linear3): Linear(in_features=256, out_features=512, bias=True)
  (linear4): Linear(in_features=512, out_features=128, bias=True)
  (output): Linear(in_features=256, out_features=4, bias=True)
)
2026-06-27 11:20:54,868 - INFO: 正在创建模型：PhonePriceModel(
  (linear1): Linear(in_features=20, out_features=128, bias=True)
  (linear2): Linear(in_features=128, out_features=256, bias=True)
  (linear3): Linear(in_features=256, out_features=512, bias=True)
  (linear4): Linear(in_features=512, out_features=128, bias=True)
  (output): Linear(in_features=128, out_features=4, bias=True)
)
2026-06-27 11:20:54,886 - INFO: 开始模型训练
2026-06-27 11:20:56,681 - INFO: epoch:1,loss:1.3463,time:0.21762681007385254s
2026-06-27 11:20:56,855 - INFO: epoch:2,loss:0.9386,time:0.17348837852478027s
2026-06-27 11:20:57,039 - INFO: epoch:3,loss:0.5027,time:0.18311095237731934s
2026-06-27 11:20:57,199 - INFO: epoch:4,loss:0.3484,time:0.1602153778076172s
2026-06-27 11:20:57,419 - INFO: epoch:5,loss:0.2775,time:0.21968579292297363s
2026-06-27 11:20:57,586 - INFO: epoch:6,loss:0.2327,time:0.16709136962890625s
2026-06-27 11:20:57,757 - INFO: epoch:7,loss:0.2087,time:0.17134308815002441s
2026-06-27 11:20:58,004 - INFO: epoch:8,loss:0.1831,time:0.24715137481689453s
2026-06-27 11:20:58,296 - INFO: epoch:9,loss:0.1663,time:0.29218029975891113s
2026-06-27 11:20:58,559 - INFO: epoch:10,loss:0.1492,time:0.2626001834869385s
2026-06-27 11:20:58,790 - INFO: epoch:11,loss:0.1328,time:0.23064446449279785s
2026-06-27 11:20:59,032 - INFO: epoch:12,loss:0.1258,time:0.24237728118896484s
2026-06-27 11:20:59,366 - INFO: epoch:13,loss:0.1138,time:0.3340778350830078s
2026-06-27 11:20:59,660 - INFO: epoch:14,loss:0.1035,time:0.2929973602294922s
2026-06-27 11:20:59,921 - INFO: epoch:15,loss:0.0889,time:0.26113319396972656s
2026-06-27 11:21:00,305 - INFO: epoch:16,loss:0.0812,time:0.38332056999206543s
2026-06-27 11:21:00,608 - INFO: epoch:17,loss:0.0707,time:0.30291056632995605s
2026-06-27 11:21:00,904 - INFO: epoch:18,loss:0.0642,time:0.29694437980651855s
2026-06-27 11:21:01,187 - INFO: epoch:19,loss:0.0586,time:0.28209757804870605s
2026-06-27 11:21:01,494 - INFO: epoch:20,loss:0.0508,time:0.3073446750640869s
2026-06-27 11:21:01,785 - INFO: epoch:21,loss:0.0455,time:0.29123640060424805s
2026-06-27 11:21:02,136 - INFO: epoch:22,loss:0.0392,time:0.35087037086486816s
2026-06-27 11:21:02,461 - INFO: epoch:23,loss:0.0313,time:0.32477283477783203s
2026-06-27 11:21:02,730 - INFO: epoch:24,loss:0.0255,time:0.2693319320678711s
2026-06-27 11:21:03,070 - INFO: epoch:25,loss:0.0243,time:0.34004998207092285s
2026-06-27 11:21:03,404 - INFO: epoch:26,loss:0.0201,time:0.33348774909973145s
2026-06-27 11:21:03,695 - INFO: epoch:27,loss:0.0155,time:0.2911074161529541s
2026-06-27 11:21:04,017 - INFO: epoch:28,loss:0.0146,time:0.32204365730285645s
2026-06-27 11:21:04,302 - INFO: epoch:29,loss:0.0115,time:0.28564977645874023s
2026-06-27 11:21:04,620 - INFO: epoch:30,loss:0.0085,time:0.3165574073791504s
2026-06-27 11:21:04,934 - INFO: epoch:31,loss:0.0072,time:0.31371259689331055s
2026-06-27 11:21:05,228 - INFO: epoch:32,loss:0.0076,time:0.2944657802581787s
2026-06-27 11:21:05,582 - INFO: epoch:33,loss:0.0064,time:0.3541858196258545s
2026-06-27 11:21:05,835 - INFO: epoch:34,loss:0.0031,time:0.25238513946533203s
2026-06-27 11:21:06,142 - INFO: epoch:35,loss:0.0029,time:0.3070533275604248s
2026-06-27 11:21:06,450 - INFO: epoch:36,loss:0.0030,time:0.3078420162200928s
2026-06-27 11:21:06,755 - INFO: epoch:37,loss:0.0015,time:0.3051564693450928s
2026-06-27 11:21:07,076 - INFO: epoch:38,loss:0.0031,time:0.3209109306335449s
2026-06-27 11:21:07,350 - INFO: epoch:39,loss:0.0027,time:0.27397847175598145s
2026-06-27 11:21:07,662 - INFO: epoch:40,loss:0.0008,time:0.3113524913787842s
2026-06-27 11:21:07,946 - INFO: epoch:41,loss:0.0006,time:0.2828371524810791s
2026-06-27 11:21:08,274 - INFO: epoch:42,loss:0.0005,time:0.3273589611053467s
2026-06-27 11:21:08,615 - INFO: epoch:43,loss:0.0005,time:0.3409130573272705s
2026-06-27 11:21:08,909 - INFO: epoch:44,loss:0.0004,time:0.2941162586212158s
2026-06-27 11:21:09,228 - INFO: epoch:45,loss:0.0012,time:0.3185274600982666s
2026-06-27 11:21:09,490 - INFO: epoch:46,loss:0.0021,time:0.26192641258239746s
2026-06-27 11:21:09,826 - INFO: epoch:47,loss:0.0002,time:0.33663129806518555s
2026-06-27 11:21:10,151 - INFO: epoch:48,loss:0.0001,time:0.32335925102233887s
2026-06-27 11:21:10,420 - INFO: epoch:49,loss:0.0001,time:0.26918697357177734s
2026-06-27 11:21:10,755 - INFO: epoch:50,loss:0.0001,time:0.33532118797302246s
2026-06-27 11:21:11,061 - INFO: epoch:51,loss:0.0001,time:0.3058433532714844s
2026-06-27 11:21:11,364 - INFO: epoch:52,loss:0.0001,time:0.3032059669494629s
2026-06-27 11:21:11,667 - INFO: epoch:53,loss:0.0001,time:0.30309319496154785s
2026-06-27 11:21:11,946 - INFO: epoch:54,loss:0.0000,time:0.2789602279663086s
2026-06-27 11:21:12,221 - INFO: epoch:55,loss:0.0000,time:0.27443861961364746s
2026-06-27 11:21:12,519 - INFO: epoch:56,loss:0.0012,time:0.2980060577392578s
2026-06-27 11:21:12,862 - INFO: epoch:57,loss:0.0014,time:0.3435537815093994s
2026-06-27 11:21:13,239 - INFO: epoch:58,loss:0.0001,time:0.37688398361206055s
2026-06-27 11:21:13,617 - INFO: epoch:59,loss:0.0000,time:0.37692809104919434s
2026-06-27 11:21:14,033 - INFO: epoch:60,loss:0.0000,time:0.4154670238494873s
2026-06-27 11:21:14,401 - INFO: epoch:61,loss:0.0000,time:0.3682377338409424s
2026-06-27 11:21:14,734 - INFO: epoch:62,loss:0.0000,time:0.3332664966583252s
2026-06-27 11:21:15,036 - INFO: epoch:63,loss:0.0000,time:0.3004744052886963s
2026-06-27 11:21:15,430 - INFO: epoch:64,loss:0.0000,time:0.39464688301086426s
2026-06-27 11:21:15,813 - INFO: epoch:65,loss:0.0000,time:0.38224029541015625s
2026-06-27 11:21:16,170 - INFO: epoch:66,loss:0.0000,time:0.3571763038635254s
2026-06-27 11:21:16,505 - INFO: epoch:67,loss:0.0000,time:0.3356647491455078s
2026-06-27 11:21:16,915 - INFO: epoch:68,loss:0.0000,time:0.4091057777404785s
2026-06-27 11:21:17,260 - INFO: epoch:69,loss:0.0000,time:0.34499573707580566s
2026-06-27 11:21:17,656 - INFO: epoch:70,loss:0.0000,time:0.39548468589782715s
2026-06-27 11:21:18,091 - INFO: epoch:71,loss:0.0007,time:0.43549060821533203s
2026-06-27 11:21:18,441 - INFO: epoch:72,loss:0.0000,time:0.34915995597839355s
2026-06-27 11:21:18,754 - INFO: epoch:73,loss:0.0000,time:0.3136777877807617s
2026-06-27 11:21:19,157 - INFO: epoch:74,loss:0.0000,time:0.40322065353393555s
2026-06-27 11:21:19,546 - INFO: epoch:75,loss:0.0000,time:0.38895249366760254s
2026-06-27 11:21:19,910 - INFO: epoch:76,loss:0.0000,time:0.36382198333740234s
2026-06-27 11:21:20,352 - INFO: epoch:77,loss:0.0000,time:0.44191527366638184s
2026-06-27 11:21:20,688 - INFO: epoch:78,loss:0.0000,time:0.33603358268737793s
2026-06-27 11:21:21,130 - INFO: epoch:79,loss:0.0000,time:0.441378116607666s
2026-06-27 11:21:21,466 - INFO: epoch:80,loss:0.0000,time:0.33679962158203125s
2026-06-27 11:21:21,922 - INFO: epoch:81,loss:0.0000,time:0.4553542137145996s
2026-06-27 11:21:22,277 - INFO: epoch:82,loss:0.0000,time:0.3555872440338135s
2026-06-27 11:21:22,608 - INFO: epoch:83,loss:0.0000,time:0.3309791088104248s
2026-06-27 11:21:23,008 - INFO: epoch:84,loss:0.0000,time:0.3992183208465576s
2026-06-27 11:21:23,293 - INFO: epoch:85,loss:0.0000,time:0.2859213352203369s
2026-06-27 11:21:23,633 - INFO: epoch:86,loss:0.0000,time:0.3392648696899414s
2026-06-27 11:21:24,001 - INFO: epoch:87,loss:0.0000,time:0.3683745861053467s
2026-06-27 11:21:24,369 - INFO: epoch:88,loss:0.0000,time:0.3678932189941406s
2026-06-27 11:21:24,794 - INFO: epoch:89,loss:0.0000,time:0.4248921871185303s
2026-06-27 11:21:25,199 - INFO: epoch:90,loss:0.0000,time:0.4042668342590332s
2026-06-27 11:21:25,517 - INFO: epoch:91,loss:0.0000,time:0.31827855110168457s
2026-06-27 11:21:25,843 - INFO: epoch:92,loss:0.0000,time:0.326129674911499s
2026-06-27 11:21:26,208 - INFO: epoch:93,loss:0.0000,time:0.364992618560791s
2026-06-27 11:21:26,590 - INFO: epoch:94,loss:0.0000,time:0.38219523429870605s
2026-06-27 11:21:26,903 - INFO: epoch:95,loss:0.0001,time:0.3131897449493408s
2026-06-27 11:21:27,268 - INFO: epoch:96,loss:0.0007,time:0.36461329460144043s
2026-06-27 11:21:27,673 - INFO: epoch:97,loss:0.0000,time:0.4039037227630615s
2026-06-27 11:21:28,078 - INFO: epoch:98,loss:0.0000,time:0.4051225185394287s
2026-06-27 11:21:28,469 - INFO: epoch:99,loss:0.0000,time:0.39067983627319336s
2026-06-27 11:21:28,933 - INFO: epoch:100,loss:0.0000,time:0.4641265869140625s
2026-06-27 11:21:28,953 - INFO: 模型保存成功，保存路径是:C:\PythonProject\DLProject_ANN\model\phone.pth
2026-06-27 11:21:28,953 - INFO: 开始模型测试
2026-06-27 11:21:28,997 - INFO: 模型准确率为Accuracy:90.75%
